app/build/intermediates/proguard-rules/release/aapt_rules.txt
# Referenced at merged_manifests\release\AndroidManifest.xml:418
-keep class android.arch.lifecycle.ProcessLifecycleOwnerInitializer { <init>(); }
# Referenced at merged_manifests\release\AndroidManifest.xml:35
-keep class android.support.v4.app.CoreComponentFactory { <init>(); }
# Referenced at merged_manifests\release\AndroidManifest.xml:229
-keep class android.support.v4.content.FileProvider { <init>(); }
# Referenced at merged_manifests\release\AndroidManifest.xml:311
-keep class com.facebook.CustomTabActivity { <init>(); }
# Referenced at merged_manifests\release\AndroidManifest.xml:307
-keep class com.facebook.FacebookActivity { <init>(); }
# Referenced at merged_manifests\release\AndroidManifest.xml:247
-keep class com.firebase.ui.auth.KickoffActivity { <init>(); }
# Referenced at merged_manifests\release\AndroidManifest.xml:324
-keep class com.firebase.ui.auth.data.client.AuthUiInitProvider { <init>(); }
# Referenced at merged_manifests\release\AndroidManifest.xml:257
-keep class com.firebase.ui.auth.ui.credentials.CredentialSaveActivity { <init>(); }
# Referenced at merged_manifests\release\AndroidManifest.xml:267
-keep class com.firebase.ui.auth.ui.email.EmailActivity { <init>(); }
# Referenced at merged_manifests\release\AndroidManifest.xml:292
-keep class com.firebase.ui.auth.ui.email.EmailLinkCatcherActivity { <init>(); }
# Referenced at merged_manifests\release\AndroidManifest.xml:298
-keep class com.firebase.ui.auth.ui.email.EmailLinkErrorRecoveryActivity { <init>(); }
# Referenced at merged_manifests\release\AndroidManifest.xml:262
-keep class com.firebase.ui.auth.ui.email.RecoverPasswordActivity { <init>(); }
# Referenced at merged_manifests\release\AndroidManifest.xml:287
-keep class com.firebase.ui.auth.ui.email.WelcomeBackEmailLinkPrompt { <init>(); }
# Referenced at merged_manifests\release\AndroidManifest.xml:282
-keep class com.firebase.ui.auth.ui.email.WelcomeBackPasswordPrompt { <init>(); }
# Referenced at merged_manifests\release\AndroidManifest.xml:340
-keep class com.firebase.ui.auth.ui.github.GitHubLoginActivity { <init>(); }
# Referenced at merged_manifests\release\AndroidManifest.xml:303
-keep class com.firebase.ui.auth.ui.idp.AuthMethodPickerActivity { <init>(); }
# Referenced at merged_manifests\release\AndroidManifest.xml:252
-keep class com.firebase.ui.auth.ui.idp.SingleSignInActivity { <init>(); }
# Referenced at merged_manifests\release\AndroidManifest.xml:277
-keep class com.firebase.ui.auth.ui.idp.WelcomeBackIdpPrompt { <init>(); }
# Referenced at merged_manifests\release\AndroidManifest.xml:272
-keep class com.firebase.ui.auth.ui.phone.PhoneActivity { <init>(); }
# Referenced at merged_manifests\release\AndroidManifest.xml:379
-keep class com.google.android.gms.auth.api.signin.RevocationBoundService { <init>(); }
# Referenced at merged_manifests\release\AndroidManifest.xml:370
-keep class com.google.android.gms.auth.api.signin.internal.SignInHubActivity { <init>(); }
# Referenced at merged_manifests\release\AndroidManifest.xml:404
-keep class com.google.android.gms.common.api.GoogleApiActivity { <init>(); }
# Referenced at merged_manifests\release\AndroidManifest.xml:330
-keep class com.google.firebase.auth.internal.FederatedSignInActivity { <init>(); }
# Referenced at merged_manifests\release\AndroidManifest.xml:190
-keep class com.google.firebase.components.ComponentDiscoveryService { <init>(); }
# Referenced at merged_manifests\release\AndroidManifest.xml:384
-keep class com.google.firebase.iid.FirebaseInstanceIdReceiver { <init>(); }
# Referenced at merged_manifests\release\AndroidManifest.xml:396
-keep class com.google.firebase.iid.FirebaseInstanceIdService { <init>(); }
# Referenced at merged_manifests\release\AndroidManifest.xml:362
-keep class com.google.firebase.messaging.FirebaseMessagingService { <init>(); }
# Referenced at merged_manifests\release\AndroidManifest.xml:409
-keep class com.google.firebase.provider.FirebaseInitProvider { <init>(); }
# Referenced at merged_manifests\release\AndroidManifest.xml:337
-keep class com.karumi.dexter.DexterActivity { <init>(); }
# Referenced at merged_manifests\release\AndroidManifest.xml:414
-keep class com.squareup.picasso.PicassoProvider { <init>(); }
# Referenced at merged_manifests\release\AndroidManifest.xml:184
-keep class ie.fran.fyp.Dashboard { <init>(); }
# Referenced at merged_manifests\release\AndroidManifest.xml:124
-keep class ie.fran.fyp.Flashcards.AddDeckActivity { <init>(); }
# Referenced at merged_manifests\release\AndroidManifest.xml:120
-keep class ie.fran.fyp.Flashcards.FlashcardsMainActivity { <init>(); }
# Referenced at merged_manifests\release\AndroidManifest.xml:128
-keep class ie.fran.fyp.Flashcards.ViewCardsActivity { <init>(); }
# Referenced at merged_manifests\release\AndroidManifest.xml:220
-keep class ie.fran.fyp.Focus.Block_All_Notification { <init>(); }
# Referenced at merged_manifests\release\AndroidManifest.xml:161
-keep class ie.fran.fyp.Focus.Focus_On_Activity { <init>(); }
# Referenced at merged_manifests\release\AndroidManifest.xml:176
-keep class ie.fran.fyp.Focus.services.PhoneBootReciever { <init>(); }
# Referenced at merged_manifests\release\AndroidManifest.xml:165
-keep class ie.fran.fyp.Focus.services.Redirect { <init>(); }
# Referenced at merged_manifests\release\AndroidManifest.xml:169
-keep class ie.fran.fyp.Focus.services.RedirectService { <init>(); }
# Referenced at merged_manifests\release\AndroidManifest.xml:35
-keep class ie.fran.fyp.Focus.services.ServiceStarterApplication { <init>(); }
# Referenced at merged_manifests\release\AndroidManifest.xml:143
-keep class ie.fran.fyp.Notes.NewNote { <init>(); }
# Referenced at merged_manifests\release\AndroidManifest.xml:157
-keep class ie.fran.fyp.Notes.Note_Activity { <init>(); }
# Referenced at merged_manifests\release\AndroidManifest.xml:84
-keep class ie.fran.fyp.Planner.Friday.AddFriday { <init>(); }
# Referenced at merged_manifests\release\AndroidManifest.xml:104
-keep class ie.fran.fyp.Planner.Friday.Friday { <init>(); }
# Referenced at merged_manifests\release\AndroidManifest.xml:131
-keep class ie.fran.fyp.Planner.Monday.AddTask { <init>(); }
# Referenced at merged_manifests\release\AndroidManifest.xml:135
-keep class ie.fran.fyp.Planner.Monday.Monday { <init>(); }
# Referenced at merged_manifests\release\AndroidManifest.xml:139
-keep class ie.fran.fyp.Planner.Planner_Activity { <init>(); }
# Referenced at merged_manifests\release\AndroidManifest.xml:80
-keep class ie.fran.fyp.Planner.Saturday.AddSaturday { <init>(); }
# Referenced at merged_manifests\release\AndroidManifest.xml:100
-keep class ie.fran.fyp.Planner.Saturday.Saturday { <init>(); }
# Referenced at merged_manifests\release\AndroidManifest.xml:76
-keep class ie.fran.fyp.Planner.Sunday.AddSunday { <init>(); }
# Referenced at merged_manifests\release\AndroidManifest.xml:96
-keep class ie.fran.fyp.Planner.Sunday.Sunday { <init>(); }
# Referenced at merged_manifests\release\AndroidManifest.xml:72
-keep class ie.fran.fyp.Planner.Thursday.AddThursday { <init>(); }
# Referenced at merged_manifests\release\AndroidManifest.xml:108
-keep class ie.fran.fyp.Planner.Thursday.Thursday { <init>(); }
# Referenced at merged_manifests\release\AndroidManifest.xml:92
-keep class ie.fran.fyp.Planner.Tuesday.AddTaskTuesday { <init>(); }
# Referenced at merged_manifests\release\AndroidManifest.xml:116
-keep class ie.fran.fyp.Planner.Tuesday.Tuesday { <init>(); }
# Referenced at merged_manifests\release\AndroidManifest.xml:88
-keep class ie.fran.fyp.Planner.Wednesday.AddWednesday { <init>(); }
# Referenced at merged_manifests\release\AndroidManifest.xml:112
-keep class ie.fran.fyp.Planner.Wednesday.Wednesday { <init>(); }
# Referenced at merged_manifests\release\AndroidManifest.xml:43
-keep class ie.fran.fyp.Scanner.Scanner_Activity { <init>(); }
# Referenced at merged_manifests\release\AndroidManifest.xml:47
-keep class ie.fran.fyp.Scanner.ViewImageActivity { <init>(); }
# Referenced at merged_manifests\release\AndroidManifest.xml:51
-keep class ie.fran.fyp.Settings.LoginActivity { <init>(); }
# Referenced at merged_manifests\release\AndroidManifest.xml:61
-keep class ie.fran.fyp.Settings.ResetPasswordActivity { <init>(); }
# Referenced at merged_manifests\release\AndroidManifest.xml:65
-keep class ie.fran.fyp.Settings.Settings_Activity { <init>(); }
# Referenced at merged_manifests\release\AndroidManifest.xml:68
-keep class ie.fran.fyp.Settings.SignupActivity { <init>(); }
# Referenced at merged_manifests\release\AndroidManifest.xml:153
-keep class ie.fran.fyp.ToDo.NewTaskAct { <init>(); }
# Referenced at merged_manifests\release\AndroidManifest.xml:149
-keep class ie.fran.fyp.ToDo.ToDo_Activity { <init>(); }
# Referenced at merged_manifests\release\AndroidManifest.xml:148
-keep class ie.fran.fyp.Users.SignUp { <init>(); }
# Referenced at merged_manifests\release\AndroidManifest.xml:147
-keep class ie.fran.fyp.Users.login { <init>(); }
# Referenced at res\layout\fui_confirmation_code_layout.xml:101
-keep class android.support.constraint.Barrier { <init>(...); }

# Referenced at res\layout\item_planner_task.xml:18
# Referenced at res\layout\fui_welcome_back_password_prompt_layout.xml:19
# Referenced at res\layout\fui_welcome_back_email_link_prompt_layout.xml:20
# Referenced at res\layout\fui_phone_layout.xml:2
# Referenced at res\layout\fui_confirmation_code_layout.xml:2
# Referenced at res\layout\fui_auth_method_picker_layout.xml:2
# Referenced at res\layout\content_main.xml:2
# Referenced at res\layout\activity_view_image.xml:2
# Referenced at res\layout\activity_planner.xml:2
-keep class android.support.constraint.ConstraintLayout { <init>(...); }

# Referenced at res\layout\item_planner_task.xml:117
-keep class android.support.constraint.Guideline { <init>(...); }

# Referenced at res\layout\design_bottom_navigation_item.xml:27
-keep class android.support.design.internal.BaselineLayout { <init>(...); }

# Referenced at res\layout\design_navigation_item.xml:17
-keep class android.support.design.internal.NavigationMenuItemView { <init>(...); }

# Referenced at res\layout\design_navigation_menu.xml:17
-keep class android.support.design.internal.NavigationMenuView { <init>(...); }

# Referenced at res\layout\flashcard_app_bar_main.xml:10
# Referenced at res\layout\app_bar_main.xml:9
# Referenced at res\layout\activity_setting.xml:10
-keep class android.support.design.widget.AppBarLayout { <init>(...); }

# Referenced at res\layout\activity_scanner_.xml:14
# Referenced at res\layout\activity_focus__on_.xml:14
-keep class android.support.design.widget.BottomNavigationView { <init>(...); }

# Referenced at res\layout\design_text_input_password_icon.xml:18
-keep class android.support.design.widget.CheckableImageButton { <init>(...); }

# Referenced at res\layout\new_note.xml:2
# Referenced at res\layout\login.xml:2
# Referenced at res\layout\flashcard_app_bar_main.xml:2
# Referenced at res\layout\design_bottom_sheet_dialog.xml:26
# Referenced at res\layout\app_bar_main.xml:2
# Referenced at res\layout\activity_signup.xml:2
# Referenced at res\layout\activity_setting.xml:2
# Referenced at res\layout\activity_reset_password.xml:2
# Referenced at res\layout\activity_login.xml:2
-keep class android.support.design.widget.CoordinatorLayout { <init>(...); }

# Referenced at res\layout\flashcard_app_bar_main.xml:28
-keep class android.support.design.widget.FloatingActionButton { <init>(...); }

# Referenced at res\layout\mtrl_layout_snackbar.xml:18
# Referenced at res\layout\design_layout_snackbar.xml:18
-keep class android.support.design.widget.Snackbar$SnackbarLayout { <init>(...); }

# Referenced at res\layout\mtrl_layout_snackbar_include.xml:18
# Referenced at res\layout\design_layout_snackbar_include.xml:18
-keep class android.support.design.widget.SnackbarContentLayout { <init>(...); }

# Referenced at res\layout\flashcard_app_bar_main.xml:15
-keep class android.support.design.widget.TabLayout { <init>(...); }

# Referenced at res\layout\sign_up.xml:15
# Referenced at res\layout\fui_welcome_back_password_prompt_layout.xml:49
# Referenced at res\layout\fui_register_email_layout.xml:37
# Referenced at res\layout\fui_phone_layout.xml:37
# Referenced at res\layout\fui_forgot_password_layout.xml:36
# Referenced at res\layout\fui_check_email_layout.xml:46
-keep class android.support.design.widget.TextInputEditText { <init>(...); }

# Referenced at res\layout\sign_up.xml:9
# Referenced at res\layout\login.xml:24
# Referenced at res\layout\fui_welcome_back_password_prompt_layout.xml:40
# Referenced at res\layout\fui_register_email_layout.xml:25
# Referenced at res\layout\fui_forgot_password_layout.xml:28
# Referenced at res\layout\fui_confirmation_code_layout.xml:40
# Referenced at res\layout\fui_check_email_layout.xml:34
# Referenced at res\layout\flashcard_fragment_deck_search.xml:52
# Referenced at res\layout\flashcard_dialog_add_flashcard.xml:6
# Referenced at res\layout\flashcard_activity_login.xml:22
# Referenced at res\layout\flashcard_activity_add_deck.xml:17
# Referenced at res\layout\dialog_add_flashcard.xml:7
# Referenced at res\layout\dialog_add_card.xml:6
# Referenced at res\layout\activity_signup.xml:26
# Referenced at res\layout\activity_reset_password.xml:46
# Referenced at res\layout\activity_login.xml:26
# Referenced at res\layout\activity_create_flashcards.xml:67
# Referenced at res\layout\activity_add_deck.xml:17
-keep class android.support.design.widget.TextInputLayout { <init>(...); }

# Referenced at res\layout\flashcard_app_bar_main.xml:22
-keep class android.support.v4.view.ViewPager { <init>(...); }

# Referenced at res\layout\flashcard_activity_main.xml:2
# Referenced at res\layout\activity_main.xml:2
-keep class android.support.v4.widget.DrawerLayout { <init>(...); }

# Referenced at res\layout\abc_alert_dialog_material.xml:41
-keep class android.support.v4.widget.NestedScrollView { <init>(...); }

# Referenced at res\layout\abc_select_dialog_material.xml:23
-keep class android.support.v7.app.AlertController$RecycleListView { <init>(...); }

# Referenced at res\layout\abc_action_menu_item_layout.xml:17
-keep class android.support.v7.view.menu.ActionMenuItemView { <init>(...); }

# Referenced at res\layout\abc_expanded_menu_layout.xml:17
-keep class android.support.v7.view.menu.ExpandedMenuView { <init>(...); }

# Referenced at res\layout\abc_popup_menu_item_layout.xml:17
# Referenced at res\layout\abc_list_menu_item_layout.xml:17
# Referenced at res\layout\abc_cascading_menu_item_layout.xml:20
-keep class android.support.v7.view.menu.ListMenuItemView { <init>(...); }

# Referenced at res\layout\abc_screen_toolbar.xml:27
-keep class android.support.v7.widget.ActionBarContainer { <init>(...); }

# Referenced at res\layout\abc_screen_toolbar.xml:43
# Referenced at res\layout\abc_action_mode_bar.xml:19
-keep class android.support.v7.widget.ActionBarContextView { <init>(...); }

# Referenced at res\layout\abc_screen_toolbar.xml:17
-keep class android.support.v7.widget.ActionBarOverlayLayout { <init>(...); }

# Referenced at res\layout\abc_action_menu_layout.xml:17
-keep class android.support.v7.widget.ActionMenuView { <init>(...); }

# Referenced at res\layout\abc_activity_chooser_view.xml:19
-keep class android.support.v7.widget.ActivityChooserView$InnerLayout { <init>(...); }

# Referenced at res\layout\abc_alert_dialog_material.xml:18
-keep class android.support.v7.widget.AlertDialogLayout { <init>(...); }

# Referenced at res\layout\abc_alert_dialog_button_bar_material.xml:26
-keep class android.support.v7.widget.ButtonBarLayout { <init>(...); }

# Referenced at res\layout\single_note_layout.xml:9
# Referenced at res\layout\single_card_back_and_front.xml:2
# Referenced at res\layout\scannerimage_item.xml:2
# Referenced at res\layout\row_deck.xml:2
# Referenced at res\layout\item_planner_task.xml:9
# Referenced at res\layout\image_item.xml:2
# Referenced at res\layout\flashcard_row_deck.xml:2
# Referenced at res\layout\flashcard_add_card_row.xml:2
# Referenced at res\layout\card_card.xml:2
# Referenced at res\layout\add_card_row.xml:2
-keep class android.support.v7.widget.CardView { <init>(...); }

# Referenced at res\layout\abc_screen_content_include.xml:19
-keep class android.support.v7.widget.ContentFrameLayout { <init>(...); }

# Referenced at res\layout\abc_alert_dialog_title_material.xml:45
-keep class android.support.v7.widget.DialogTitle { <init>(...); }

# Referenced at res\layout\abc_screen_simple_overlay_action_mode.xml:23
-keep class android.support.v7.widget.FitWindowsFrameLayout { <init>(...); }

# Referenced at res\layout\abc_screen_simple.xml:17
# Referenced at res\layout\abc_dialog_title_material.xml:22
-keep class android.support.v7.widget.FitWindowsLinearLayout { <init>(...); }

# Referenced at res\layout\fragment_my_decks.xml:8
# Referenced at res\layout\fragment_apps.xml:63
# Referenced at res\layout\flashcard_fragment_deck_search.xml:78
# Referenced at res\layout\flashcard_fragment_deck_list.xml:10
# Referenced at res\layout\flashcard_activity_add_deck.xml:65
# Referenced at res\layout\activity_wednesday.xml:44
# Referenced at res\layout\activity_tuesday.xml:44
# Referenced at res\layout\activity_to_do_.xml:71
# Referenced at res\layout\activity_thursday.xml:44
# Referenced at res\layout\activity_sunday.xml:44
# Referenced at res\layout\activity_saturday.xml:44
# Referenced at res\layout\activity_note_.xml:56
# Referenced at res\layout\activity_monday.xml:44
# Referenced at res\layout\activity_images.xml:15
# Referenced at res\layout\activity_friday.xml:44
# Referenced at res\layout\activity_flashcard_.xml:76
# Referenced at res\layout\activity_create_flashcards.xml:101
# Referenced at res\layout\activity_add_deck.xml:62
-keep class android.support.v7.widget.RecyclerView { <init>(...); }

# Referenced at res\layout\abc_search_view.xml:75
-keep class android.support.v7.widget.SearchView$SearchAutoComplete { <init>(...); }

# Referenced at res\layout\card_view.xml:17
-keep class android.support.v7.widget.SwitchCompat { <init>(...); }

# Referenced at res\layout\app_bar_main.xml:14
# Referenced at res\layout\abc_screen_toolbar.xml:36
-keep class android.support.v7.widget.Toolbar { <init>(...); }

# Referenced at res\layout\abc_screen_simple_overlay_action_mode.xml:32
# Referenced at res\layout\abc_screen_simple.xml:25
-keep class android.support.v7.widget.ViewStubCompat { <init>(...); }

# Referenced at res\layout\abc_alert_dialog_title_material.xml:56
# Referenced at res\layout\abc_alert_dialog_material.xml:52
# Referenced at res\layout\abc_alert_dialog_button_bar_material.xml:43
-keep class android.widget.Space { <init>(...); }

# Referenced at res\layout\browser_actions_context_menu_page.xml:5
-keep class androidx.browser.browseractions.BrowserActionsFallbackMenuView { <init>(...); }

# Referenced at res\layout\fui_phone_layout.xml:22
-keep class com.firebase.ui.auth.ui.phone.CountryListSpinner { <init>(...); }

# Referenced at res\layout\fui_confirmation_code_layout.xml:47
-keep class com.firebase.ui.auth.ui.phone.SpacedEditText { <init>(...); }

# Referenced at res\layout\fui_phone_layout.xml:28
-keep class com.firebase.ui.auth.util.ui.BaselineTextInputLayout { <init>(...); }

# Referenced at res\layout\fui_provider_button_phone.xml:2
# Referenced at res\layout\fui_provider_button_email.xml:2
# Referenced at res\layout\fui_provider_button_anonymous.xml:2
# Referenced at res\layout\fui_idp_button_twitter.xml:1
# Referenced at res\layout\fui_idp_button_google.xml:1
# Referenced at res\layout\fui_idp_button_github.xml:1
# Referenced at res\layout\fui_idp_button_facebook.xml:1
-keep class com.firebase.ui.auth.util.ui.SupportVectorDrawablesButton { <init>(...); }

# Referenced at res\layout-port\flashcard_activity_view_cards.xml:34
-keep class ie.fran.fyp.Flashcards.FlipAnimation.FlipLayout { <init>(...); }

# Referenced at res\layout-land\fui_auth_method_picker_layout.xml:12
# Referenced at res\layout\fui_welcome_back_password_prompt_layout.xml:10