app/build/outputs/mapping/release/mapping.txt
# compiler: R8
# compiler_version: 1.4.77
# min_api: 23
ie.fran.fyp.Dashboard -> ie.fran.fyp.Dashboard:
    android.widget.RelativeLayout scanner -> i
    android.widget.RelativeLayout todo -> h
    android.widget.RelativeLayout planner -> g
    android.widget.RelativeLayout flashcard -> f
    android.widget.RelativeLayout note -> e
    com.google.firebase.auth.FirebaseAuth fAuth -> j
    android.widget.RelativeLayout focus_on -> d
ie.fran.fyp.Dashboard$1 -> e.a.a.a:
    ie.fran.fyp.Dashboard this$0 -> a
ie.fran.fyp.Dashboard$2 -> e.a.a.b:
    ie.fran.fyp.Dashboard this$0 -> a
ie.fran.fyp.Dashboard$3 -> e.a.a.c:
    ie.fran.fyp.Dashboard this$0 -> a
ie.fran.fyp.Dashboard$4 -> e.a.a.d:
    ie.fran.fyp.Dashboard this$0 -> a
ie.fran.fyp.Dashboard$5 -> e.a.a.e:
    ie.fran.fyp.Dashboard this$0 -> a
ie.fran.fyp.Dashboard$6 -> e.a.a.f:
    ie.fran.fyp.Dashboard this$0 -> a
ie.fran.fyp.Flashcards.AddDeckActivity -> ie.fran.fyp.Flashcards.AddDeckActivity:
    android.app.Activity activity -> f
    android.os.Bundle bd -> b
    boolean editingCard -> e
    ie.fran.fyp.Flashcards.CreateCards.AddedCardsAdapter addedCardsAdapter -> a
    java.lang.String front -> c
    java.lang.String back -> d
    boolean access$000(ie.fran.fyp.Flashcards.AddDeckActivity) -> a
    boolean access$002(ie.fran.fyp.Flashcards.AddDeckActivity,boolean) -> a
    java.lang.String access$102(ie.fran.fyp.Flashcards.AddDeckActivity,java.lang.String) -> a
    void setEditingCard(boolean) -> a
    java.lang.String access$100(ie.fran.fyp.Flashcards.AddDeckActivity) -> b
    java.lang.String access$202(ie.fran.fyp.Flashcards.AddDeckActivity,java.lang.String) -> b
    java.lang.String access$200(ie.fran.fyp.Flashcards.AddDeckActivity) -> c
    void setBack(java.lang.String) -> c
    void setFront(java.lang.String) -> d
    1:1:void android.support.v7.widget.LinearLayoutManager.<init>(android.content.Context):0:0 -> onCreate
    1:1:void onCreate(android.os.Bundle):0 -> onCreate
    2:2:void onCreate(android.os.Bundle):0:0 -> onCreate
    3:3:java.lang.String ie.fran.fyp.Flashcards.CreateDeck.Deck.getTitle():0:0 -> onCreate
    3:3:void onCreate(android.os.Bundle):0 -> onCreate
    4:4:void onCreate(android.os.Bundle):0:0 -> onCreate
    5:5:boolean ie.fran.fyp.Flashcards.CreateDeck.Deck.isPrivate():0:0 -> onCreate
    5:5:void onCreate(android.os.Bundle):0 -> onCreate
ie.fran.fyp.Flashcards.AddDeckActivity$1 -> e.a.a.a.a:
    ie.fran.fyp.Flashcards.AddDeckActivity this$0 -> c
    java.lang.String val$oldFront -> a
    java.lang.String val$oldBack -> b
    1:1:void ie.fran.fyp.Flashcards.CreateCards.AddedCardsAdapter.addCard(java.lang.String,java.lang.String):0:0 -> onClick
    1:1:void onClick(android.content.DialogInterface,int):0 -> onClick
    2:2:void onClick(android.content.DialogInterface,int):0:0 -> onClick
ie.fran.fyp.Flashcards.AddDeckActivity$2 -> e.a.a.a.b:
    ie.fran.fyp.Flashcards.AddDeckActivity this$0 -> c
    android.widget.EditText val$etCardBack -> b
    android.widget.EditText val$etCardFront -> a
    1:1:boolean isAddFormValid():0:0 -> onClick
    1:1:void onClick(android.content.DialogInterface,int):0 -> onClick
    2:2:void onClick(android.content.DialogInterface,int):0:0 -> onClick
    3:3:void ie.fran.fyp.Flashcards.CreateCards.AddedCardsAdapter.addCard(java.lang.String,java.lang.String):0:0 -> onClick
    3:3:void onClick(android.content.DialogInterface,int):0 -> onClick
    4:4:void onClick(android.content.DialogInterface,int):0:0 -> onClick
ie.fran.fyp.Flashcards.AddDeckActivity$3 -> e.a.a.a.c:
    ie.fran.fyp.Flashcards.AddDeckActivity this$0 -> a
ie.fran.fyp.Flashcards.AddDeckActivity_ViewBinding$1 -> e.a.a.a.d:
    ie.fran.fyp.Flashcards.AddDeckActivity val$target -> c
    void doClick(android.view.View) -> a
ie.fran.fyp.Flashcards.AddDeckActivity_ViewBinding$2 -> e.a.a.a.e:
    ie.fran.fyp.Flashcards.AddDeckActivity val$target -> c
    void doClick(android.view.View) -> a
...
com.google.android.gms.common.internal.service.zae -> d.d.a.a.c.b.b.e:
    1:1:void com.google.android.gms.common.internal.service.zam.zaa(com.google.android.gms.common.internal.service.zaj):0:0 -> a
    1:1:void doExecute(com.google.android.gms.common.api.Api$AnyClient):0 -> a
    2:2:void com.google.android.gms.internal.base.zaa.zac(int,android.os.Parcel):0:0 -> a
    2:2:void com.google.android.gms.common.internal.service.zam.zaa(com.google.android.gms.common.internal.service.zaj):0 -> a
    2:2:void doExecute(com.google.android.gms.common.api.Api$AnyClient):0 -> a
com.google.android.gms.common.internal.service.zaf -> d.d.a.a.c.b.b.f:
    com.google.android.gms.common.api.internal.BaseImplementation$ResultHolder mResultHolder -> a
    1:1:void com.google.android.gms.common.api.Status.<init>(int,java.lang.String):0:0 -> a
    1:1:void com.google.android.gms.common.api.Status.<init>(int):0 -> a
    1:1:void zaj(int):0 -> a
    2:2:void zaj(int):0:0 -> a
com.google.android.gms.common.internal.service.zah -> d.d.a.a.c.b.b.g:
    1:1:void com.google.android.gms.common.internal.service.zag.<init>(com.google.android.gms.common.api.GoogleApiClient):0:0 -> <init>
    1:1:void <init>(com.google.android.gms.common.api.GoogleApiClient):0 -> <init>
    com.google.android.gms.common.api.Result createFailedResult(com.google.android.gms.common.api.Status) -> a
com.google.android.gms.common.internal.service.zai -> d.d.a.a.c.b.b.h:
    android.os.IInterface createServiceInterface(android.os.IBinder) -> a
    java.lang.String getServiceDescriptor() -> l
    java.lang.String getStartServiceAction() -> m
com.google.android.gms.common.internal.service.zaj -> d.d.a.a.c.b.b.i:
    void zaj(int) -> a
com.google.android.gms.common.internal.service.zal -> d.d.a.a.c.b.b.j:
com.google.android.gms.common.internal.service.zam -> d.d.a.a.c.b.b.k:
com.google.android.gms.common.internal.zac -> d.d.a.a.c.b.w:
    android.content.Intent zaog -> a
    int val$requestCode -> c
    android.app.Activity val$activity -> b
    void redirect() -> a
com.google.android.gms.common.internal.zae -> d.d.a.a.c.b.x:
    com.google.android.gms.common.api.internal.LifecycleFragment zaoh -> b
    android.content.Intent zaog -> a
    int val$requestCode -> c
    void redirect() -> a
com.google.android.gms.common.internal.zaf -> d.d.a.a.c.b.y:
    com.google.android.gms.common.api.GoogleApiClient$ConnectionCallbacks zaoi -> a
com.google.android.gms.common.internal.zag -> d.d.a.a.c.b.z:
    com.google.android.gms.common.api.GoogleApiClient$OnConnectionFailedListener zaoj -> a
com.google.android.gms.common.internal.zai -> d.d.a.a.c.b.A:
    com.google.android.gms.common.api.ApiException zaf(com.google.android.gms.common.api.Status) -> a
com.google.android.gms.common.internal.zaj -> d.d.a.a.c.b.B:
    com.google.android.gms.common.api.PendingResult zaou -> a
    com.google.android.gms.common.internal.PendingResultUtil$ResultConverter zaow -> c
    com.google.android.gms.common.internal.PendingResultUtil$zaa zaox -> d
    com.google.android.gms.tasks.TaskCompletionSource zaov -> b
    1:1:void com.google.android.gms.tasks.TaskCompletionSource.setResult(java.lang.Object):0:0 -> a
    1:1:void onComplete(com.google.android.gms.common.api.Status):0 -> a
    2:2:void onComplete(com.google.android.gms.common.api.Status):0:0 -> a
    3:3:void com.google.android.gms.tasks.TaskCompletionSource.setException(java.lang.Exception):0:0 -> a
    3:3:void onComplete(com.google.android.gms.common.api.Status):0 -> a
com.google.android.gms.common.internal.zak -> d.d.a.a.c.b.C:
    com.google.android.gms.common.api.Response zaoy -> a
    1:1:void com.google.android.gms.common.api.Response.setResult(com.google.android.gms.common.api.Result):0:0 -> a
    1:1:void com.google.android.gms.common.api.Response.setResult(com.google.android.gms.common.api.Result):0 -> a
    1:1:java.lang.Object convert(com.google.android.gms.common.api.Result):0 -> a